Unity Editor version:    2022.3.0f1 (fb119bb0b476)
Branch:                  2022.3/release
Build type:              Release
Batch mode:              YES
System name:             Linux
Distro version:          #1 SMP PREEMPT_DYNAMIC Debian 6.1.12-1kali2 (2023-02-23)
Kernel version:          6.1.0-kali5-amd64
Architecture:            x86_64
Available memory:        15759 MB
Using pre-set license
Pro License: YES
Desktop is 1920 x 2160 @ 60 Hz
Initialize udev device monitor.

COMMAND LINE ARGUMENTS:
Unity
-adb2
-batchMode
-noUpm
-name
AssetImportWorker0
-projectPath
/home/mccxaccess/UnityWorkings/Lumos-Ways
-logFile
Logs/AssetImportWorker0.log
-srvPort
35949
Successfully changed project path to: /home/mccxaccess/UnityWorkings/Lumos-Ways
/home/mccxaccess/UnityWorkings/Lumos-Ways
[UnityMemory] Configuration Parameters - Can be set up in boot.config
    "memorysetup-bucket-allocator-granularity=16"
    "memorysetup-bucket-allocator-bucket-count=8"
    "memorysetup-bucket-allocator-block-size=33554432"
    "memorysetup-bucket-allocator-block-count=8"
    "memorysetup-main-allocator-block-size=16777216"
    "memorysetup-thread-allocator-block-size=16777216"
    "memorysetup-gfx-main-allocator-block-size=16777216"
    "memorysetup-gfx-thread-allocator-block-size=16777216"
    "memorysetup-cache-allocator-block-size=4194304"
    "memorysetup-typetree-allocator-block-size=2097152"
    "memorysetup-profiler-bucket-allocator-granularity=16"
    "memorysetup-profiler-bucket-allocator-bucket-count=8"
    "memorysetup-profiler-bucket-allocator-block-size=33554432"
    "memorysetup-profiler-bucket-allocator-block-count=8"
    "memorysetup-profiler-allocator-block-size=16777216"
    "memorysetup-profiler-editor-allocator-block-size=1048576"
    "memorysetup-temp-allocator-size-main=16777216"
    "memorysetup-job-temp-allocator-block-size=2097152"
    "memorysetup-job-temp-allocator-block-size-background=1048576"
    "memorysetup-job-temp-allocator-reduction-small-platforms=262144"
    "memorysetup-allocator-temp-initial-block-size-main=262144"
    "memorysetup-allocator-temp-initial-block-size-worker=262144"
    "memorysetup-temp-allocator-size-background-worker=32768"
    "memorysetup-temp-allocator-size-job-worker=262144"
    "memorysetup-temp-allocator-size-preload-manager=33554432"
    "memorysetup-temp-allocator-size-nav-mesh-worker=65536"
    "memorysetup-temp-allocator-size-audio-worker=65536"
    "memorysetup-temp-allocator-size-cloud-worker=32768"
    "memorysetup-temp-allocator-size-gi-baking-worker=262144"
    "memorysetup-temp-allocator-size-gfx=262144"
Player connection [139630733050816] Host "[IP] 192.168.0.112 [Port] 0 [Flags] 2 [Guid] 1615779933 [EditorId] 1615779933 [Version] 1048832 [Id] LinuxEditor(16,192.168.0.112) [Debug] 1 [PackageName] LinuxEditor [ProjectName] Editor" joined multi-casting on [225.0.0.222:54997]...

Player connection [139630733050816] Host "[IP] 192.168.0.112 [Port] 0 [Flags] 2 [Guid] 1615779933 [EditorId] 1615779933 [Version] 1048832 [Id] LinuxEditor(16,192.168.0.112) [Debug] 1 [PackageName] LinuxEditor [ProjectName] Editor" joined alternative multi-casting on [225.0.0.222:34997]...

Refreshing native plugins compatible for Editor in 11.11 ms, found 1 plugins.
Preloading 0 native plugins for Editor in 0.00 ms.
Initialize engine version: 2022.3.0f1 (fb119bb0b476)
[Subsystems] Discovering subsystems at path /home/mccxaccess/Unity/Hub/Editor/2022.3.0f1/Editor/Data/Resources/UnitySubsystems
[Subsystems] Discovering subsystems at path /home/mccxaccess/UnityWorkings/Lumos-Ways/Assets
GLX Extensions: GLX_ARB_context_flush_control GLX_ARB_create_context GLX_ARB_create_context_no_error GLX_ARB_create_context_profile GLX_ARB_create_context_robustness GLX_ARB_fbconfig_float GLX_ARB_framebuffer_sRGB GLX_ARB_get_proc_address GLX_ARB_multisample GLX_EXT_buffer_age GLX_EXT_create_context_es2_profile GLX_EXT_create_context_es_profile GLX_EXT_fbconfig_packed_float GLX_EXT_framebuffer_sRGB GLX_EXT_no_config_context GLX_EXT_swap_control GLX_EXT_swap_control_tear GLX_EXT_texture_from_pixmap GLX_EXT_visual_info GLX_EXT_visual_rating GLX_INTEL_swap_event GLX_MESA_copy_sub_buffer GLX_MESA_query_renderer GLX_MESA_swap_control GLX_OML_swap_method GLX_OML_sync_control GLX_SGIS_multisample GLX_SGIX_fbconfig GLX_SGIX_pbuffer GLX_SGIX_visual_select_group GLX_SGI_make_current_read GLX_SGI_swap_control GLX_SGI_video_sync 
Renderer: Mesa Intel(R) UHD Graphics (CML GT2)
Vendor:   Intel
Version:  4.6 (Core Profile) Mesa 22.3.6
GLES:     0
 GL_3DFX_texture_compression_FXT1 GL_AMD_conservative_depth GL_AMD_depth_clamp_separate GL_AMD_draw_buffers_blend GL_AMD_gpu_shader_int64 GL_AMD_multi_draw_indirect GL_AMD_performance_monitor GL_AMD_pinned_memory GL_AMD_query_buffer_object GL_AMD_seamless_cubemap_per_texture GL_AMD_shader_stencil_export GL_AMD_shader_trinary_minmax GL_AMD_texture_texture4 GL_AMD_vertex_shader_layer GL_AMD_vertex_shader_viewport_index GL_ANGLE_texture_compression_dxt3 GL_ANGLE_texture_compression_dxt5 GL_ARB_ES2_compatibility GL_ARB_ES3_1_compatibility GL_ARB_ES3_2_compatibility GL_ARB_ES3_compatibility GL_ARB_arrays_of_arrays GL_ARB_base_instance GL_ARB_blend_func_extended GL_ARB_buffer_storage GL_ARB_clear_buffer_object GL_ARB_clear_texture GL_ARB_clip_control GL_ARB_compressed_texture_pixel_storage GL_ARB_compute_shader GL_ARB_compute_variable_group_size GL_ARB_conditional_render_inverted GL_ARB_conservative_depth GL_ARB_copy_buffer GL_ARB_copy_image GL_ARB_cull_distance GL_ARB_debug_output GL_ARB_depth_buffer_float GL_ARB
_depth_clamp GL_ARB_derivative_control GL_ARB_direct_state_access GL_ARB_draw_buffers GL_ARB_draw_buffers_blend GL_ARB_draw_elements_base_vertex GL_ARB_draw_indirect GL_ARB_draw_instanced GL_ARB_enhanced_layouts GL_ARB_explicit_attrib_location GL_ARB_explicit_uniform_location GL_ARB_fragment_coord_conventions GL_ARB_fragment_layer_viewport GL_ARB_fragment_shader GL_ARB_fragment_shader_interlock GL_ARB_framebuffer_no_attachments GL_ARB_framebuffer_object GL_ARB_framebuffer_sRGB GL_ARB_get_program_binary GL_ARB_get_texture_sub_image GL_ARB_gl_spirv GL_ARB_gpu_shader5 GL_ARB_gpu_shader_fp64 GL_ARB_gpu_shader_int64 GL_ARB_half_float_pixel GL_ARB_half_float_vertex GL_ARB_indirect_parameters GL_ARB_instanced_arrays GL_ARB_internalformat_query GL_ARB_internalformat_query2 GL_ARB_invalidate_subdata GL_ARB_map_buffer_alignment GL_ARB_map_buffer_range GL_ARB_multi_bind GL_ARB_multi_draw_indirect GL_ARB_occlusion_query2 GL_ARB_parallel_shader_compile GL_ARB_pipeline_statistics_query GL_ARB_pixel_buffer_object GL_ARB_po
int_sprite GL_ARB_polygon_offset_clamp GL_ARB_post_depth_coverage GL_ARB_program_interface_query GL_ARB_provoking_vertex GL_ARB_query_buffer_object GL_ARB_robust_buffer_access_behavior GL_ARB_robustness GL_ARB_sample_shading GL_ARB_sampler_objects GL_ARB_seamless_cube_map GL_ARB_seamless_cubemap_per_texture GL_ARB_separate_shader_objects GL_ARB_shader_atomic_counter_ops GL_ARB_shader_atomic_counters GL_ARB_shader_ballot GL_ARB_shader_bit_encoding GL_ARB_shader_clock GL_ARB_shader_draw_parameters GL_ARB_shader_group_vote GL_ARB_shader_image_load_store GL_ARB_shader_image_size GL_ARB_shader_objects GL_ARB_shader_precision GL_ARB_shader_stencil_export GL_ARB_shader_storage_buffer_object GL_ARB_shader_subroutine GL_ARB_shader_texture_image_samples GL_ARB_shader_texture_lod GL_ARB_shader_viewport_layer_array GL_ARB_shading_language_420pack GL_ARB_shading_language_include GL_ARB_shading_language_packing GL_ARB_spirv_extensions GL_ARB_stencil_texturing GL_ARB_sync GL_ARB_tessellation_shader GL_ARB_texture_barrier G
L_ARB_texture_buffer_object GL_ARB_texture_buffer_object_rgb32 GL_ARB_texture_buffer_range GL_ARB_texture_compression_bptc GL_ARB_texture_compression_rgtc GL_ARB_texture_cube_map_array GL_ARB_texture_filter_anisotropic GL_ARB_texture_float GL_ARB_texture_gather GL_ARB_texture_mirror_clamp_to_edge GL_ARB_texture_multisample GL_ARB_texture_non_power_of_two GL_ARB_texture_query_levels GL_ARB_texture_query_lod GL_ARB_texture_rectangle GL_ARB_texture_rg GL_ARB_texture_rgb10_a2ui GL_ARB_texture_stencil8 GL_ARB_texture_storage GL_ARB_texture_storage_multisample GL_ARB_texture_swizzle GL_ARB_texture_view GL_ARB_timer_query GL_ARB_transform_feedback2 GL_ARB_transform_feedback3 GL_ARB_transform_feedback_instanced GL_ARB_transform_feedback_overflow_query GL_ARB_uniform_buffer_object GL_ARB_vertex_array_bgra GL_ARB_vertex_array_object GL_ARB_vertex_attrib_64bit GL_ARB_vertex_attrib_binding GL_ARB_vertex_buffer_object GL_ARB_vertex_shader GL_ARB_vertex_type_10f_11f_11f_rev GL_ARB_vertex_type_2_10_10_10_rev GL_ARB_viewpor
t_array GL_ATI_blend_equation_separate GL_ATI_texture_float GL_EXT_EGL_image_storage GL_EXT_EGL_sync GL_EXT_abgr GL_EXT_blend_equation_separate GL_EXT_debug_label GL_EXT_demote_to_helper_invocation GL_EXT_draw_buffers2 GL_EXT_draw_instanced GL_EXT_framebuffer_blit GL_EXT_framebuffer_multisample GL_EXT_framebuffer_multisample_blit_scaled GL_EXT_framebuffer_object GL_EXT_framebuffer_sRGB GL_EXT_memory_object GL_EXT_memory_object_fd GL_EXT_packed_depth_stencil GL_EXT_packed_float GL_EXT_pixel_buffer_object GL_EXT_polygon_offset_clamp GL_EXT_provoking_vertex GL_EXT_semaphore GL_EXT_semaphore_fd GL_EXT_shader_framebuffer_fetch GL_EXT_shader_framebuffer_fetch_non_coherent GL_EXT_shader_integer_mix GL_EXT_shader_samples_identical GL_EXT_texture_array GL_EXT_texture_compression_dxt1 GL_EXT_texture_compression_rgtc GL_EXT_texture_compression_s3tc GL_EXT_texture_filter_anisotropic GL_EXT_texture_integer GL_EXT_texture_sRGB GL_EXT_texture_sRGB_R8 GL_EXT_texture_sRGB_decode GL_EXT_texture_shadow_lod GL_EXT_texture_share
d_exponent GL_EXT_texture_snorm GL_EXT_texture_swizzle GL_EXT_timer_query GL_EXT_transform_feedback GL_EXT_vertex_array_bgra GL_EXT_vertex_attrib_64bit GL_IBM_multimode_draw_arrays GL_INTEL_blackhole_render GL_INTEL_conservative_rasterization GL_INTEL_performance_query GL_INTEL_shader_atomic_float_minmax GL_INTEL_shader_integer_functions2 GL_KHR_blend_equation_advanced GL_KHR_blend_equation_advanced_coherent GL_KHR_context_flush_control GL_KHR_debug GL_KHR_no_error GL_KHR_parallel_shader_compile GL_KHR_robust_buffer_access_behavior GL_KHR_robustness GL_KHR_texture_compression_astc_ldr GL_KHR_texture_compression_astc_sliced_3d GL_MESA_framebuffer_flip_y GL_MESA_pack_invert GL_MESA_shader_integer_functions GL_MESA_texture_signed_rgba GL_NV_compute_shader_derivatives GL_NV_conditional_render GL_NV_copy_image GL_NV_depth_clamp GL_NV_fragment_shader_interlock GL_NV_packed_depth_stencil GL_NV_texture_barrier GL_OES_EGL_image GL_S3_s3tc
OPENGL LOG: Creating OpenGL 4.6 graphics device ; Context level  <OpenGL 4.5> ; Context handle -1513393888
Shader Hidden/ProbeVolume/VoxelizeScene is not supported: GPU does not support conservative rasterization
Initialize mono
Mono path[0] = '/home/mccxaccess/Unity/Hub/Editor/2022.3.0f1/Editor/Data/Managed'
Mono path[1] = '/home/mccxaccess/Unity/Hub/Editor/2022.3.0f1/Editor/Data/MonoBleedingEdge/lib/mono/unityjit-linux'
Mono config path = '/home/mccxaccess/Unity/Hub/Editor/2022.3.0f1/Editor/Data/MonoBleedingEdge/etc'
Using monoOptions --debugger-agent=transport=dt_socket,embedding=1,server=y,suspend=n,address=127.0.0.1:56264
Begin MonoManager ReloadAssembly
Registering precompiled unity dll's ...
Register platform support module: /home/mccxaccess/Unity/Hub/Editor/2022.3.0f1/Editor/Data/PlaybackEngines/MacStandaloneSupport/UnityEditor.OSXStandalone.Extensions.dll
Register platform support module: /home/mccxaccess/Unity/Hub/Editor/2022.3.0f1/Editor/Data/PlaybackEngines/AndroidPlayer/UnityEditor.Android.Extensions.dll
Register platform support module: /home/mccxaccess/Unity/Hub/Editor/2022.3.0f1/Editor/Data/PlaybackEngines/iOSSupport/UnityEditor.iOS.Extensions.dll
Register platform support module: /home/mccxaccess/Unity/Hub/Editor/2022.3.0f1/Editor/Data/PlaybackEngines/WindowsStandaloneSupport/UnityEditor.WindowsStandalone.Extensions.dll
Register platform support module: /home/mccxaccess/Unity/Hub/Editor/2022.3.0f1/Editor/Data/PlaybackEngines/LinuxStandaloneSupport/UnityEditor.LinuxStandalone.Extensions.dll
Registered in 0.013062 seconds.
- Loaded All Assemblies, in  0.438 seconds
Native extension for LinuxStandalone target not found
Native extension for WindowsStandalone target not found
[usbmuxd] Start listen thread
[usbmuxd] Listen thread started
Native extension for iOS target not found
Native extension for Android target not found
Android Extension - Scanning For ADB Devices 212 ms
Native extension for OSXStandalone target not found
Mono: successfully reloaded assembly
- Finished resetting the current domain, in  0.753 seconds
Domain Reload Profiling: 1190ms
	BeginReloadAssembly (89ms)
		ExecutionOrderSort (0ms)
		DisableScriptedObjects (0ms)
		BackupInstance (0ms)
		ReleaseScriptingObjects (0ms)
		CreateAndSetChildDomain (1ms)
	RebuildCommonClasses (50ms)
	RebuildNativeTypeToScriptingClass (11ms)
	initialDomainReloadingComplete (92ms)
	LoadAllAssembliesAndSetupDomain (195ms)
		LoadAssemblies (88ms)
		RebuildTransferFunctionScriptingTraits (0ms)
		AnalyzeDomain (189ms)
			TypeCache.Refresh (188ms)
				TypeCache.ScanAssembly (173ms)
			ScanForSourceGeneratedMonoScriptInfo (0ms)
			ResolveRequiredComponents (1ms)
	FinalizeReload (754ms)
		ReleaseScriptCaches (0ms)
		RebuildScriptCaches (0ms)
		SetupLoadedEditorAssemblies (663ms)
			LogAssemblyErrors (0ms)
			InitializePlatformSupportModulesInManaged (434ms)
			SetLoadedEditorAssemblies (5ms)
			RefreshPlugins (0ms)
			BeforeProcessingInitializeOnLoad (3ms)
			ProcessInitializeOnLoadAttributes (149ms)
			ProcessInitializeOnLoadMethodAttributes (71ms)
			AfterProcessingInitializeOnLoad (0ms)
			EditorAssembliesLoaded (0ms)
		ExecutionOrderSort2 (0ms)
		AwakeInstancesAfterBackupRestoration (0ms)
========================================================================
Worker process is ready to serve import requests
Begin MonoManager ReloadAssembly
Symbol file LoadedFromMemory doesn't match image /home/mccxaccess/UnityWorkings/Lumos-Ways/Library/PackageCache/com.unity.visualscripting@1.8.0/Editor/VisualScripting.Core/Dependencies/YamlDotNet/Unity.VisualScripting.YamlDotNet.dll
Symbol file LoadedFromMemory doesn't match image /home/mccxaccess/UnityWorkings/Lumos-Ways/Library/PackageCache/com.unity.visualscripting@1.8.0/Editor/VisualScripting.Core/Dependencies/DotNetZip/Unity.VisualScripting.IonicZip.dll
- Loaded All Assemblies, in  1.068 seconds
Refreshing native plugins compatible for Editor in 5.14 ms, found 1 plugins.
Native extension for LinuxStandalone target not found
Native extension for WindowsStandalone target not found
Native extension for iOS target not found
Native extension for Android target not found
Native extension for OSXStandalone target not found
Mono: successfully reloaded assembly
- Finished resetting the current domain, in  1.953 seconds
Domain Reload Profiling: 3018ms
	BeginReloadAssembly (166ms)
		ExecutionOrderSort (0ms)
		DisableScriptedObjects (9ms)
		BackupInstance (0ms)
		ReleaseScriptingObjects (0ms)
		CreateAndSetChildDomain (37ms)
	RebuildCommonClasses (48ms)
	RebuildNativeTypeToScriptingClass (11ms)
	initialDomainReloadingComplete (67ms)
	LoadAllAssembliesAndSetupDomain (772ms)
		LoadAssemblies (284ms)
		RebuildTransferFunctionScriptingTraits (0ms)
		AnalyzeDomain (554ms)
			TypeCache.Refresh (460ms)
				TypeCache.ScanAssembly (432ms)
			ScanForSourceGeneratedMonoScriptInfo (65ms)
			ResolveRequiredComponents (29ms)
	FinalizeReload (1954ms)
		ReleaseScriptCaches (0ms)
		RebuildScriptCaches (0ms)
		SetupLoadedEditorAssemblies (1419ms)
			LogAssemblyErrors (0ms)
			InitializePlatformSupportModulesInManaged (143ms)
			SetLoadedEditorAssemblies (11ms)
			RefreshPlugins (0ms)
			BeforeProcessingInitializeOnLoad (184ms)
			ProcessInitializeOnLoadAttributes (846ms)
			ProcessInitializeOnLoadMethodAttributes (223ms)
			AfterProcessingInitializeOnLoad (12ms)
			EditorAssembliesLoaded (0ms)
		ExecutionOrderSort2 (0ms)
		AwakeInstancesAfterBackupRestoration (11ms)
Shader Hidden/ProbeVolume/VoxelizeScene is not supported: GPU does not support conservative rasterization
Launched and connected shader compiler UnityShaderCompiler after 0.02 seconds
Refreshing native plugins compatible for Editor in 4.86 ms, found 1 plugins.
Preloading 0 native plugins for Editor in 0.00 ms.
Unloading 5973 Unused Serialized files (Serialized files now loaded: 0)
Unloading 120 unused Assets / (2.3 MB). Loaded Objects now: 6441.
Memory consumption went from 250.1 MB to 247.8 MB.
Total: 9.117915 ms (FindLiveObjects: 0.470377 ms CreateObjectMapping: 0.467027 ms MarkObjects: 7.052140 ms  DeleteObjects: 1.126928 ms)

AssetImportParameters requested are different than current active one (requested -> active):
  custom:container-demuxer-ogg: 62fdf1f143b41e24485cea50d1cbac27 -> 
  custom:video-decoder-ogg-theora: a1e56fd34408186e4bbccfd4996cb3dc -> 
  custom:container-demuxer-webm: 4f35f7cbe854078d1ac9338744f61a02 -> 
  custom:container-muxer-webm: aa71ff27fc2769a1b78a27578f13a17b -> 
  custom:video-decoder-webm-vp8: 9c59270c3fd7afecdb556c50c9e8de78 -> 
  custom:AudioImporter_EditorPlatform: 2f0ff77a95e0ac474e3e8eeba4e2f7cb -> 
  custom:video-encoder-webm-vp8: eb34c28f22e8b96e1ab97ce403110664 -> 
  custom:audio-decoder-ogg-vorbis: bf7c407c2cedff20999df2af8eb42d56 -> 
  custom:audio-encoder-webm-vorbis: bf7c407c2cedff20999df2af8eb42d56 -> 
========================================================================
Received Import Request.
  Time since last request: 397.996726 seconds.
  path: Assets/C-Game/x04-Scenes/Stages/Collective Stages.unity
  artifactKey: Guid(da56baea212f1a500be239100125bb09) Importer(815301076,1909f56bfc062723c751e8b465ee728b)
Start importing Assets/C-Game/x04-Scenes/Stages/Collective Stages.unity using Guid(da56baea212f1a500be239100125bb09) Importer(815301076,1909f56bfc062723c751e8b465ee728b)  -> (artifact id: 'dbd2adf24f38b1ef21e6deedce22629c') in 0.002999 seconds
Number of updated asset objects reloaded before import = 0
Number of asset objects unloaded after import = 0
========================================================================
Received Prepare
Begin MonoManager ReloadAssembly
Symbol file LoadedFromMemory doesn't match image /home/mccxaccess/UnityWorkings/Lumos-Ways/Library/PackageCache/com.unity.visualscripting@1.8.0/Editor/VisualScripting.Core/Dependencies/YamlDotNet/Unity.VisualScripting.YamlDotNet.dll
Symbol file LoadedFromMemory doesn't match image /home/mccxaccess/UnityWorkings/Lumos-Ways/Library/PackageCache/com.unity.visualscripting@1.8.0/Editor/VisualScripting.Core/Dependencies/DotNetZip/Unity.VisualScripting.IonicZip.dll
- Loaded All Assemblies, in  0.783 seconds
Refreshing native plugins compatible for Editor in 3.32 ms, found 1 plugins.
Native extension for LinuxStandalone target not found
Native extension for WindowsStandalone target not found
Native extension for iOS target not found
Native extension for Android target not found
Native extension for OSXStandalone target not found
Mono: successfully reloaded assembly
- Finished resetting the current domain, in  1.468 seconds
Domain Reload Profiling: 2248ms
	BeginReloadAssembly (154ms)
		ExecutionOrderSort (0ms)
		DisableScriptedObjects (15ms)
		BackupInstance (0ms)
		ReleaseScriptingObjects (0ms)
		CreateAndSetChildDomain (54ms)
	RebuildCommonClasses (41ms)
	RebuildNativeTypeToScriptingClass (10ms)
	initialDomainReloadingComplete (33ms)
	LoadAllAssembliesAndSetupDomain (541ms)
		LoadAssemblies (244ms)
		RebuildTransferFunctionScriptingTraits (0ms)
		AnalyzeDomain (345ms)
			TypeCache.Refresh (323ms)
				TypeCache.ScanAssembly (309ms)
			ScanForSourceGeneratedMonoScriptInfo (6ms)
			ResolveRequiredComponents (15ms)
	FinalizeReload (1469ms)
		ReleaseScriptCaches (0ms)
		RebuildScriptCaches (0ms)
		SetupLoadedEditorAssemblies (898ms)
			LogAssemblyErrors (0ms)
			InitializePlatformSupportModulesInManaged (147ms)
			SetLoadedEditorAssemblies (9ms)
			RefreshPlugins (0ms)
			BeforeProcessingInitializeOnLoad (111ms)
			ProcessInitializeOnLoadAttributes (535ms)
			ProcessInitializeOnLoadMethodAttributes (90ms)
			AfterProcessingInitializeOnLoad (6ms)
			EditorAssembliesLoaded (0ms)
		ExecutionOrderSort2 (0ms)
		AwakeInstancesAfterBackupRestoration (13ms)
Shader Hidden/ProbeVolume/VoxelizeScene is not supported: GPU does not support conservative rasterization
Refreshing native plugins compatible for Editor in 4.66 ms, found 1 plugins.
Preloading 0 native plugins for Editor in 0.00 ms.
Unloading 5780 Unused Serialized files (Serialized files now loaded: 0)
Unloading 72 unused Assets / (2.3 MB). Loaded Objects now: 6459.
Memory consumption went from 213.6 MB to 211.3 MB.
Total: 13.972844 ms (FindLiveObjects: 1.082177 ms CreateObjectMapping: 0.867330 ms MarkObjects: 8.912644 ms  DeleteObjects: 3.107241 ms)

Prepare: number of updated asset objects reloaded= 0
AssetImportParameters requested are different than current active one (requested -> active):
  custom:container-demuxer-ogg: 62fdf1f143b41e24485cea50d1cbac27 -> 
  custom:video-decoder-ogg-theora: a1e56fd34408186e4bbccfd4996cb3dc -> 
  custom:container-demuxer-webm: 4f35f7cbe854078d1ac9338744f61a02 -> 
  custom:container-muxer-webm: aa71ff27fc2769a1b78a27578f13a17b -> 
  custom:video-decoder-webm-vp8: 9c59270c3fd7afecdb556c50c9e8de78 -> 
  custom:AudioImporter_EditorPlatform: 2f0ff77a95e0ac474e3e8eeba4e2f7cb -> 
  custom:video-encoder-webm-vp8: eb34c28f22e8b96e1ab97ce403110664 -> 
  custom:audio-decoder-ogg-vorbis: bf7c407c2cedff20999df2af8eb42d56 -> 
  custom:audio-encoder-webm-vorbis: bf7c407c2cedff20999df2af8eb42d56 -> 
========================================================================
Received Import Request.
  Time since last request: 1137.770871 seconds.
  path: Assets/C-Game/x05-Scripts/Pseudo/RotateObject.cs
  artifactKey: Guid(248fbc15254a070149d70354a9599b67) Importer(815301076,1909f56bfc062723c751e8b465ee728b)
Start importing Assets/C-Game/x05-Scripts/Pseudo/RotateObject.cs using Guid(248fbc15254a070149d70354a9599b67) Importer(815301076,1909f56bfc062723c751e8b465ee728b)  -> (artifact id: 'de8b3bf599a4c1f7765061916227d03e') in 0.002398 seconds
Number of updated asset objects reloaded before import = 0
Number of asset objects unloaded after import = 0
========================================================================
Received Import Request.
  Time since last request: 159.667805 seconds.
  path: Assets/C-Game/x02-Prefabs/Environment/Mechanical/Spiked Wind Mill.prefab
  artifactKey: Guid(059347daea6084ff28c4b61a9fcc9c26) Importer(815301076,1909f56bfc062723c751e8b465ee728b)
Start importing Assets/C-Game/x02-Prefabs/Environment/Mechanical/Spiked Wind Mill.prefab using Guid(059347daea6084ff28c4b61a9fcc9c26) Importer(815301076,1909f56bfc062723c751e8b465ee728b)  -> (artifact id: '6f9e686b1813fd036fcb9f4043033828') in 0.003311 seconds
Number of updated asset objects reloaded before import = 0
Number of asset objects unloaded after import = 33
========================================================================
Received Import Request.
  Time since last request: 142.487036 seconds.
  path: Assets/C-Game/x02-Prefabs/Environment/Mechanical/Rotating Block.prefab
  artifactKey: Guid(ec13703d6c439b9f0ab7dd43fb010cb6) Importer(815301076,1909f56bfc062723c751e8b465ee728b)
Start importing Assets/C-Game/x02-Prefabs/Environment/Mechanical/Rotating Block.prefab using Guid(ec13703d6c439b9f0ab7dd43fb010cb6) Importer(815301076,1909f56bfc062723c751e8b465ee728b)  -> (artifact id: '1124682620ddab5ccab517cd249b3fc3') in 0.001852 seconds
Number of updated asset objects reloaded before import = 0
Number of asset objects unloaded after import = 8
========================================================================
Received Import Request.
  Time since last request: 7.096798 seconds.
  path: Assets/C-Game/x02-Prefabs/Environment/Mechanical/Spiked Rotating Block.prefab
  artifactKey: Guid(7171fd7ec25c3592da17f901a11fab11) Importer(815301076,1909f56bfc062723c751e8b465ee728b)
Start importing Assets/C-Game/x02-Prefabs/Environment/Mechanical/Spiked Rotating Block.prefab using Guid(7171fd7ec25c3592da17f901a11fab11) Importer(815301076,1909f56bfc062723c751e8b465ee728b)  -> (artifact id: '79ee7d5a2d1c40314499e5890eeaaa8d') in 0.002112 seconds
Number of updated asset objects reloaded before import = 0
Number of asset objects unloaded after import = 14
========================================================================
Received Import Request.
  Time since last request: 211.134573 seconds.
  path: Assets/C-Game/x02-Prefabs/Environment/Mechanical/Falling Platform.prefab
  artifactKey: Guid(1683d5baa2fcaa31a96024b1e65147c2) Importer(815301076,1909f56bfc062723c751e8b465ee728b)
Start importing Assets/C-Game/x02-Prefabs/Environment/Mechanical/Falling Platform.prefab using Guid(1683d5baa2fcaa31a96024b1e65147c2) Importer(815301076,1909f56bfc062723c751e8b465ee728b)  -> (artifact id: '944f992c93c8f81165b3a18cfdd418cd') in 0.001406 seconds
Number of updated asset objects reloaded before import = 0
Number of asset objects unloaded after import = 9
========================================================================
Received Import Request.
  Time since last request: 70.454089 seconds.
  path: Assets/C-Game/x02-Prefabs/Environment/Mechanical/Falling Platform.prefab
  artifactKey: Guid(1683d5baa2fcaa31a96024b1e65147c2) Importer(815301076,1909f56bfc062723c751e8b465ee728b)
Start importing Assets/C-Game/x02-Prefabs/Environment/Mechanical/Falling Platform.prefab using Guid(1683d5baa2fcaa31a96024b1e65147c2) Importer(815301076,1909f56bfc062723c751e8b465ee728b)  -> (artifact id: 'a9fa132e79856506cd1915e686112bec') in 0.001928 seconds
Number of updated asset objects reloaded before import = 0
Number of asset objects unloaded after import = 9
========================================================================
Received Import Request.
  Time since last request: 100.399198 seconds.
  path: Assets/C-Game/x02-Prefabs/Environment/Mechanical/Falling Platform.prefab
  artifactKey: Guid(1683d5baa2fcaa31a96024b1e65147c2) Importer(815301076,1909f56bfc062723c751e8b465ee728b)
Start importing Assets/C-Game/x02-Prefabs/Environment/Mechanical/Falling Platform.prefab using Guid(1683d5baa2fcaa31a96024b1e65147c2) Importer(815301076,1909f56bfc062723c751e8b465ee728b)  -> (artifact id: 'a86e21609e0b08b9a967284a38a4ea69') in 0.001638 seconds
Number of updated asset objects reloaded before import = 0
Number of asset objects unloaded after import = 16
========================================================================
Received Import Request.
  Time since last request: 22.052761 seconds.
  path: Assets/C-Game/x02-Prefabs/Environment/Mechanical/Falling Platform.prefab
  artifactKey: Guid(1683d5baa2fcaa31a96024b1e65147c2) Importer(815301076,1909f56bfc062723c751e8b465ee728b)
Start importing Assets/C-Game/x02-Prefabs/Environment/Mechanical/Falling Platform.prefab using Guid(1683d5baa2fcaa31a96024b1e65147c2) Importer(815301076,1909f56bfc062723c751e8b465ee728b)  -> (artifact id: '90155d93e8c6f33d01dcd15037bb4c71') in 0.001830 seconds
Number of updated asset objects reloaded before import = 0
Number of asset objects unloaded after import = 16
========================================================================
Received Import Request.
  Time since last request: 20.123412 seconds.
  path: Assets/C-Game/x02-Prefabs/Environment/Soft/Pentagon.prefab
  artifactKey: Guid(d03c9d2b9c030e241a36124bad4d2c43) Importer(815301076,1909f56bfc062723c751e8b465ee728b)
Start importing Assets/C-Game/x02-Prefabs/Environment/Soft/Pentagon.prefab using Guid(d03c9d2b9c030e241a36124bad4d2c43) Importer(815301076,1909f56bfc062723c751e8b465ee728b)  -> (artifact id: 'd87b6111867d5420ec3b2ee124926c60') in 0.002693 seconds
Number of updated asset objects reloaded before import = 0
Number of asset objects unloaded after import = 42
========================================================================
Received Import Request.
  Time since last request: 0.285549 seconds.
  path: Assets/C-Game/x02-Prefabs/Environment/Soft/Plus.prefab
  artifactKey: Guid(5a3e43f59c13dc642b788020e840e57b) Importer(815301076,1909f56bfc062723c751e8b465ee728b)
Start importing Assets/C-Game/x02-Prefabs/Environment/Soft/Plus.prefab using Guid(5a3e43f59c13dc642b788020e840e57b) Importer(815301076,1909f56bfc062723c751e8b465ee728b)  -> (artifact id: 'a3c0dfd80683fd83ebc56bd255459d39') in 0.002977 seconds
Number of updated asset objects reloaded before import = 0
Number of asset objects unloaded after import = 175
========================================================================
Received Import Request.
  Time since last request: 0.278572 seconds.
  path: Assets/C-Game/x02-Prefabs/Environment/Soft/PlussSpinning.prefab
  artifactKey: Guid(acb4d56c82dd8d049a4861f21ba90b40) Importer(815301076,1909f56bfc062723c751e8b465ee728b)
Start importing Assets/C-Game/x02-Prefabs/Environment/Soft/PlussSpinning.prefab using Guid(acb4d56c82dd8d049a4861f21ba90b40) Importer(815301076,1909f56bfc062723c751e8b465ee728b)  -> (artifact id: '1f0c1873652d90835f8236bd240b7b98') in 0.002457 seconds
Number of updated asset objects reloaded before import = 0
Number of asset objects unloaded after import = 204
========================================================================
Received Import Request.
  Time since last request: 0.376269 seconds.
  path: Assets/C-Game/x02-Prefabs/Environment/Soft/Rectangle.prefab
  artifactKey: Guid(6dc76a14c8db7214389462eecca0915c) Importer(815301076,1909f56bfc062723c751e8b465ee728b)
Start importing Assets/C-Game/x02-Prefabs/Environment/Soft/Rectangle.prefab using Guid(6dc76a14c8db7214389462eecca0915c) Importer(815301076,1909f56bfc062723c751e8b465ee728b)  -> (artifact id: '4e892e4ad89e8d263a38b1aabd7de621') in 0.002054 seconds
Number of updated asset objects reloaded before import = 0
Number of asset objects unloaded after import = 119
========================================================================
Received Import Request.
  Time since last request: 0.323809 seconds.
  path: Assets/C-Game/x02-Prefabs/Environment/Soft/SquareSmall.prefab
  artifactKey: Guid(2d123607146d1e04f8f67cbc02ab688a) Importer(815301076,1909f56bfc062723c751e8b465ee728b)
Start importing Assets/C-Game/x02-Prefabs/Environment/Soft/SquareSmall.prefab using Guid(2d123607146d1e04f8f67cbc02ab688a) Importer(815301076,1909f56bfc062723c751e8b465ee728b)  -> (artifact id: '80aaafc993cfd1e0af14ba8c08844da3') in 0.001309 seconds
Number of updated asset objects reloaded before import = 0
Number of asset objects unloaded after import = 33
========================================================================
Received Import Request.
  Time since last request: 0.301309 seconds.
  path: Assets/C-Game/x02-Prefabs/Environment/Soft/Triangle.prefab
  artifactKey: Guid(487643b71bcb0d04aa4049ccecdc87ae) Importer(815301076,1909f56bfc062723c751e8b465ee728b)
Start importing Assets/C-Game/x02-Prefabs/Environment/Soft/Triangle.prefab using Guid(487643b71bcb0d04aa4049ccecdc87ae) Importer(815301076,1909f56bfc062723c751e8b465ee728b)  -> (artifact id: 'e0eb2149377d2359a4449cc041ec42e2') in 0.001603 seconds
Number of updated asset objects reloaded before import = 0
Number of asset objects unloaded after import = 47
========================================================================
Received Import Request.
  Time since last request: 5.802873 seconds.
  path: Assets/C-Game/x02-Prefabs/Environment/Decorative/Prop Circle.prefab
  artifactKey: Guid(3642fc269ae06ed67a9d8553ed99d52c) Importer(815301076,1909f56bfc062723c751e8b465ee728b)
Start importing Assets/C-Game/x02-Prefabs/Environment/Decorative/Prop Circle.prefab using Guid(3642fc269ae06ed67a9d8553ed99d52c) Importer(815301076,1909f56bfc062723c751e8b465ee728b)  -> (artifact id: '85a62ceff612b7db72e565706f9e196f') in 0.001500 seconds
Number of updated asset objects reloaded before import = 0
Number of asset objects unloaded after import = 8
========================================================================
Received Import Request.
  Time since last request: 0.740868 seconds.
  path: Assets/C-Game/x02-Prefabs/Environment/Decorative/Prop Rectange.prefab
  artifactKey: Guid(334891a635f6f6867b120db9d9a65078) Importer(815301076,1909f56bfc062723c751e8b465ee728b)
Start importing Assets/C-Game/x02-Prefabs/Environment/Decorative/Prop Rectange.prefab using Guid(334891a635f6f6867b120db9d9a65078) Importer(815301076,1909f56bfc062723c751e8b465ee728b)  -> (artifact id: '9775edca89fdc5af38d9fb8c6f8091bc') in 0.001229 seconds
Number of updated asset objects reloaded before import = 0
Number of asset objects unloaded after import = 8
========================================================================
Received Import Request.
  Time since last request: 0.332455 seconds.
  path: Assets/C-Game/x02-Prefabs/Environment/Decorative/Prop Square.prefab
  artifactKey: Guid(42f913f779b55b0a78ed5cf7b1b7ab2e) Importer(815301076,1909f56bfc062723c751e8b465ee728b)
Start importing Assets/C-Game/x02-Prefabs/Environment/Decorative/Prop Square.prefab using Guid(42f913f779b55b0a78ed5cf7b1b7ab2e) Importer(815301076,1909f56bfc062723c751e8b465ee728b)  -> (artifact id: 'd5e83899e4ced5422e03965238a70a23') in 0.001241 seconds
Number of updated asset objects reloaded before import = 0
Number of asset objects unloaded after import = 8
========================================================================
Received Import Request.
  Time since last request: 41.792661 seconds.
  path: Assets/C-Game/x02-Prefabs/Environment/Mechanical/Crazy Block.prefab
  artifactKey: Guid(df471d6a8a95b7f999b77f1c18368cb7) Importer(815301076,1909f56bfc062723c751e8b465ee728b)
Start importing Assets/C-Game/x02-Prefabs/Environment/Mechanical/Crazy Block.prefab using Guid(df471d6a8a95b7f999b77f1c18368cb7) Importer(815301076,1909f56bfc062723c751e8b465ee728b)  -> (artifact id: '5946f003e1ac7159f38c6636c2e223e7') in 0.002414 seconds
Number of updated asset objects reloaded before import = 0
Number of asset objects unloaded after import = 13
========================================================================
Received Import Request.
  Time since last request: 30.647041 seconds.
  path: Assets/C-Game/x02-Prefabs/Environment/Solid/Unstable Platform X.prefab
  artifactKey: Guid(ab959fb9d41070f16bb3a45696628a7f) Importer(815301076,1909f56bfc062723c751e8b465ee728b)
Start importing Assets/C-Game/x02-Prefabs/Environment/Solid/Unstable Platform X.prefab using Guid(ab959fb9d41070f16bb3a45696628a7f) Importer(815301076,1909f56bfc062723c751e8b465ee728b)  -> (artifact id: '94b33e294e784c0081090ff5e046c973') in 0.001601 seconds
Number of updated asset objects reloaded before import = 0
Number of asset objects unloaded after import = 8
========================================================================
Received Import Request.
  Time since last request: 35.357948 seconds.
  path: Assets/C-Game/x02-Prefabs/Environment/Solid/Unstable Platform XY.prefab
  artifactKey: Guid(a39c66418d3629bb39952614228d4f41) Importer(815301076,1909f56bfc062723c751e8b465ee728b)
Start importing Assets/C-Game/x02-Prefabs/Environment/Solid/Unstable Platform XY.prefab using Guid(a39c66418d3629bb39952614228d4f41) Importer(815301076,1909f56bfc062723c751e8b465ee728b)  -> (artifact id: '92be81db08d34daffbb565279c421185') in 0.001208 seconds
Number of updated asset objects reloaded before import = 0
Number of asset objects unloaded after import = 8
========================================================================
Received Import Request.
  Time since last request: 3.075941 seconds.
  path: Assets/C-Game/x02-Prefabs/Environment/Solid/Unstable Platform Z.prefab
  artifactKey: Guid(3850149cc9432b77a97cea5fbef8b5ea) Importer(815301076,1909f56bfc062723c751e8b465ee728b)
Start importing Assets/C-Game/x02-Prefabs/Environment/Solid/Unstable Platform Z.prefab using Guid(3850149cc9432b77a97cea5fbef8b5ea) Importer(815301076,1909f56bfc062723c751e8b465ee728b)  -> (artifact id: 'b3802e493f67d5a904fed5df3b200bd8') in 0.001608 seconds
Number of updated asset objects reloaded before import = 0
Number of asset objects unloaded after import = 8
========================================================================
Received Import Request.
  Time since last request: 14.401701 seconds.
  path: Assets/C-Game/x02-Prefabs/Environment/Solid/Unstable Platform Axis.prefab
  artifactKey: Guid(ab959fb9d41070f16bb3a45696628a7f) Importer(815301076,1909f56bfc062723c751e8b465ee728b)
Start importing Assets/C-Game/x02-Prefabs/Environment/Solid/Unstable Platform Axis.prefab using Guid(ab959fb9d41070f16bb3a45696628a7f) Importer(815301076,1909f56bfc062723c751e8b465ee728b)  -> (artifact id: '57fa6fbe73682a448a6fd8bda5ec4bf6') in 0.002699 seconds
Number of updated asset objects reloaded before import = 0
Number of asset objects unloaded after import = 8
========================================================================
Received Import Request.
  Time since last request: 303.266318 seconds.
  path: Assets/A-Miscellaneous/x01-ProjectPackages/EasyTransitions/Transitions/Brush/BrushTransitionAnimation.png
  artifactKey: Guid(72e1e2584982ed047aea57c42a053ef8) Importer(815301076,1909f56bfc062723c751e8b465ee728b)
Start importing Assets/A-Miscellaneous/x01-ProjectPackages/EasyTransitions/Transitions/Brush/BrushTransitionAnimation.png using Guid(72e1e2584982ed047aea57c42a053ef8) Importer(815301076,1909f56bfc062723c751e8b465ee728b)  -> (artifact id: 'd6cbfd9e9537b8deb9b427dec0d68181') in 0.056909 seconds
Number of updated asset objects reloaded before import = 0
Number of asset objects unloaded after import = 46
========================================================================
Received Import Request.
  Time since last request: 69.090104 seconds.
  path: Assets/A-Miscellaneous/x01-ProjectPackages/EasyTransitions/Transitions/DiagonalRectangleGrid/DiagonalRectangleGridTransitionAnimation.png
  artifactKey: Guid(7fa75236aeaf215479d5720bc5b2caf7) Importer(815301076,1909f56bfc062723c751e8b465ee728b)
Start importing Assets/A-Miscellaneous/x01-ProjectPackages/EasyTransitions/Transitions/DiagonalRectangleGrid/DiagonalRectangleGridTransitionAnimation.png using Guid(7fa75236aeaf215479d5720bc5b2caf7) Importer(815301076,1909f56bfc062723c751e8b465ee728b)  -> (artifact id: '2dcd1d3f83090002f72b187d5880a3e2') in 0.036620 seconds
Number of updated asset objects reloaded before import = 0
Number of asset objects unloaded after import = 30
========================================================================
Received Import Request.
  Time since last request: 0.000018 seconds.
  path: Assets/A-Miscellaneous/x01-ProjectPackages/EasyTransitions/Transitions/HorizontalCurtain/HorizontalCurtainTransitionAnimation.png
  artifactKey: Guid(1e04aede8b1e5284cabecac7bd4d51fe) Importer(815301076,1909f56bfc062723c751e8b465ee728b)
Start importing Assets/A-Miscellaneous/x01-ProjectPackages/EasyTransitions/Transitions/HorizontalCurtain/HorizontalCurtainTransitionAnimation.png using Guid(1e04aede8b1e5284cabecac7bd4d51fe) Importer(815301076,1909f56bfc062723c751e8b465ee728b)  -> (artifact id: '7d7d7b985896477b89dbd79be24adf37') in 0.016561 seconds
Number of updated asset objects reloaded before import = 0
Number of asset objects unloaded after import = 17
========================================================================
Received Import Request.
  Time since last request: 591.463955 seconds.
  path: Assets/C-Game/x02-Prefabs/Environment/Mechanical/Rotating Gear.prefab
  artifactKey: Guid(a820cce31baa9dd77b4659b587d2c463) Importer(815301076,1909f56bfc062723c751e8b465ee728b)
Start importing Assets/C-Game/x02-Prefabs/Environment/Mechanical/Rotating Gear.prefab using Guid(a820cce31baa9dd77b4659b587d2c463) Importer(815301076,1909f56bfc062723c751e8b465ee728b)  -> (artifact id: 'b43b4784b024ebc44c3ad5aa63aa827c') in 0.002558 seconds
Number of updated asset objects reloaded before import = 0
Number of asset objects unloaded after import = 42
========================================================================
Received Import Request.
  Time since last request: 15.149061 seconds.
  path: Assets/C-Game/x02-Prefabs/Environment/Mechanical/Rotating Gear.prefab
  artifactKey: Guid(a820cce31baa9dd77b4659b587d2c463) Importer(815301076,1909f56bfc062723c751e8b465ee728b)
Start importing Assets/C-Game/x02-Prefabs/Environment/Mechanical/Rotating Gear.prefab using Guid(a820cce31baa9dd77b4659b587d2c463) Importer(815301076,1909f56bfc062723c751e8b465ee728b)  -> (artifact id: 'c6f6752b702cba1babe8c3f18f47a745') in 0.003121 seconds
Number of updated asset objects reloaded before import = 0
Number of asset objects unloaded after import = 42
